<?xml version="1.0" encoding="UTF-8"?>
<!-- Generated by org.testng.reporters.JUnitReportReporter -->
<testsuite skipped="0" hostname="DESKTOP-21U5KS6" name="Web1" tests="1" failures="0" timestamp="2021-01-13T09:53:45 IST" time="22.260" errors="0">
  <testcase name="testcase1" time="22.260" classname="Web1"/>
  <system-out/>
</testsuite> <!-- Web1 -->
