<?xml version="1.0" encoding="UTF-8"?>
<!-- Generated by org.testng.reporters.JUnitReportReporter -->
<testsuite skipped="0" hostname="DESKTOP-21U5KS6" name="cricbuzzclass" tests="1" failures="0" timestamp="2021-01-15T10:46:25 IST" time="46.817" errors="0">
  <testcase name="testcase1" time="46.817" classname="cricbuzzclass"/>
  <system-out/>
</testsuite> <!-- cricbuzzclass -->
